2022-05-06 23:31:27 [main] WARN   - Станция не найдена Горьковская
2022-05-06 23:31:44 [main] WARN   - Станция не найдена Спортивная
2022-05-06 23:31:52 [main] WARN   - Станция не найдена Приморская
2022-05-06 23:36:00 [main] WARN   - Станция не найдена Приморская
2022-05-06 23:36:06 [main] WARN   - Станция не найдена Горьковская
2022-05-06 23:36:08 [main] WARN   - Станция не найдена олд
2022-05-06 23:44:39 [main] WARN  Main - Станция не найдена Горьковская
2022-05-06 23:44:43 [main] WARN  Main - Станция не найдена Маяковская
2022-05-06 23:44:52 [main] WARN  Main - Станция не найдена 00000
2022-05-06 23:48:05 [main] WARN  Main - Станция не найдена Горьковская
2022-05-06 23:48:14 [main] WARN  Main - Станция не найдена Спортивная
2022-05-06 23:50:37 [main] WARN  Main - Станция не найдена Горьковская
2022-05-06 23:50:43 [main] WARN  Main - Станция не найдена Спортивная
2022-05-06 23:56:16 [main] WARN  Main - Станция не найдена Приморская
2022-05-06 23:56:23 [main] WARN  Main - Станция не найдена Василеостровская
2022-05-06 23:57:33 [main] WARN  Main - Станция не найдена Гостиный двор
2022-05-06 23:57:43 [main] WARN  Main - Станция не найдена Невский проспект
2022-05-06 23:57:50 [main] WARN  Main - Станция не найдена длд
2022-05-07 00:11:28 [main] WARN   - Станция не найдена Спортивная
2022-05-07 00:11:33 [main] WARN   - Станция не найдена Горьковская
