2022-05-06 23:31:27 [main] INFO   - Поиск станции Горьковская
2022-05-06 23:31:44 [main] INFO   - Поиск станции Спортивная
2022-05-06 23:31:52 [main] INFO   - Поиск станции Приморская
2022-05-06 23:36:00 [main] INFO   - Поиск станции Приморская
2022-05-06 23:36:06 [main] INFO   - Поиск станции Горьковская
2022-05-06 23:36:08 [main] INFO   - Поиск станции олд
2022-05-06 23:44:39 [main] INFO  Main - Поиск станции Горьковская
2022-05-06 23:44:43 [main] INFO  Main - Поиск станции Маяковская
2022-05-06 23:44:52 [main] INFO  Main - Поиск станции 00000
2022-05-06 23:48:05 [main] INFO  Main - Поиск станции Горьковская
2022-05-06 23:48:14 [main] INFO  Main - Поиск станции Спортивная
2022-05-06 23:50:37 [main] INFO  Main - Поиск станции Горьковская
2022-05-06 23:50:43 [main] INFO  Main - Поиск станции Спортивная
2022-05-06 23:56:16 [main] INFO  Main - Поиск станции Приморская
2022-05-06 23:56:23 [main] INFO  Main - Поиск станции Василеостровская
2022-05-06 23:57:33 [main] INFO  Main - Поиск станции Гостиный двор
2022-05-06 23:57:43 [main] INFO  Main - Поиск станции Невский проспект
2022-05-06 23:57:50 [main] INFO  Main - Поиск станции длд
2022-05-07 00:11:28 [main] INFO   - Поиск станции Спортивная
2022-05-07 00:11:33 [main] INFO   - Поиск станции Горьковская
